2020-09-15 09:29:53.8541 AllServer 0001 (Program.cs:36) server start........................ 1 AllServer
2020-09-15 09:32:56.6457 AllServer 0001 (SessionUserComponentSystem.cs:14) 销毁User和Session101599806132
2020-09-15 09:32:56.6580 AllServer 0001 (SessionUserComponentSystem.cs:26) 将玩家101599806132连接断开
2020-09-15 09:32:56.6751 AllServer 0001 (A0005_PlayerOffline.cs:13) 玩家101599806132下线
2020-09-15 10:01:36.4209 AllServer 0001 (SessionUserComponentSystem.cs:14) 销毁User和Session101599806132
2020-09-15 10:01:36.4259 AllServer 0001 (SessionUserComponentSystem.cs:26) 将玩家101599806132连接断开
2020-09-15 10:01:36.4259 AllServer 0001 (A0005_PlayerOffline.cs:13) 玩家101599806132下线
2020-09-15 10:05:19.2358 AllServer 0001 (SessionUserComponentSystem.cs:14) 销毁User和Session101599806132
2020-09-15 10:05:19.2358 AllServer 0001 (SessionUserComponentSystem.cs:26) 将玩家101599806132连接断开
2020-09-15 10:05:19.2358 AllServer 0001 (A0005_PlayerOffline.cs:13) 玩家101599806132下线
2020-09-15 10:07:12.1709 AllServer 0001 (SessionUserComponentSystem.cs:14) 销毁User和Session101599806132
2020-09-15 10:07:12.1731 AllServer 0001 (SessionUserComponentSystem.cs:26) 将玩家101599806132连接断开
2020-09-15 10:07:12.1731 AllServer 0001 (A0005_PlayerOffline.cs:13) 玩家101599806132下线
2020-09-15 10:12:02.3846 AllServer 0001 (SessionUserComponentSystem.cs:14) 销毁User和Session101599806132
2020-09-15 10:12:02.3846 AllServer 0001 (SessionUserComponentSystem.cs:26) 将玩家101599806132连接断开
2020-09-15 10:12:02.3846 AllServer 0001 (A0005_PlayerOffline.cs:13) 玩家101599806132下线
2020-09-15 10:14:56.9626 AllServer 0001 (SessionUserComponentSystem.cs:14) 销毁User和Session101599806132
2020-09-15 10:14:56.9626 AllServer 0001 (SessionUserComponentSystem.cs:26) 将玩家101599806132连接断开
2020-09-15 10:14:56.9701 AllServer 0001 (A0005_PlayerOffline.cs:13) 玩家101599806132下线
2020-09-15 11:28:22.3141 AllServer 0001 (LocationComponent.cs:62) location add key: 281474976710864 instanceId: 281474976710864
2020-09-15 11:28:22.3520 AllServer 0001 (LocationComponent.cs:62) location add key: 281474976710866 instanceId: 281474976710866
2020-09-15 11:28:22.3769 AllServer 0001 (LandMatchComponentSystem.cs:111) 玩家101599806132进入房间
2020-09-15 11:28:22.4073 AllServer 0001 (M2G_T_MatchSucess_Handler.cs:14) 玩家101599806132匹配成功 更新客户端Actor转发向Gamer
2020-09-15 11:36:32.1193 AllServer 0001 (SessionUserComponentSystem.cs:14) 销毁User和Session101599806132
2020-09-15 11:36:32.1506 AllServer 0001 (SessionUserComponentSystem.cs:26) 将玩家101599806132连接断开
2020-09-15 11:36:32.1506 AllServer 0001 (A0005_PlayerOffline.cs:13) 玩家101599806132下线
2020-09-15 11:47:08.2376 AllServer 0001 (SessionUserComponentSystem.cs:14) 销毁User和Session101599806132
2020-09-15 11:47:08.2376 AllServer 0001 (SessionUserComponentSystem.cs:26) 将玩家101599806132连接断开
2020-09-15 11:47:08.2509 AllServer 0001 (A0005_PlayerOffline.cs:13) 玩家101599806132下线
2020-09-15 11:50:39.5293 AllServer 0001 (SessionUserComponentSystem.cs:14) 销毁User和Session101599806132
2020-09-15 11:50:39.5293 AllServer 0001 (SessionUserComponentSystem.cs:26) 将玩家101599806132连接断开
2020-09-15 11:50:39.5359 AllServer 0001 (A0005_PlayerOffline.cs:13) 玩家101599806132下线
2020-09-15 11:55:28.2866 AllServer 0001 (SessionUserComponentSystem.cs:14) 销毁User和Session101599806132
2020-09-15 11:55:28.2866 AllServer 0001 (SessionUserComponentSystem.cs:26) 将玩家101599806132连接断开
2020-09-15 11:55:28.2866 AllServer 0001 (A0005_PlayerOffline.cs:13) 玩家101599806132下线
2020-09-15 11:56:58.7946 AllServer 0001 (SessionUserComponentSystem.cs:14) 销毁User和Session101599806132
2020-09-15 11:56:58.7946 AllServer 0001 (SessionUserComponentSystem.cs:26) 将玩家101599806132连接断开
2020-09-15 11:56:58.8016 AllServer 0001 (A0005_PlayerOffline.cs:13) 玩家101599806132下线
2020-09-15 11:57:43.4999 AllServer 0001 (SessionUserComponentSystem.cs:14) 销毁User和Session101599806132
2020-09-15 11:57:43.5028 AllServer 0001 (SessionUserComponentSystem.cs:26) 将玩家101599806132连接断开
2020-09-15 11:57:43.5028 AllServer 0001 (A0005_PlayerOffline.cs:13) 玩家101599806132下线
2020-09-15 11:58:20.3503 AllServer 0001 (SessionUserComponentSystem.cs:14) 销毁User和Session101599806132
2020-09-15 11:58:20.3503 AllServer 0001 (SessionUserComponentSystem.cs:26) 将玩家101599806132连接断开
2020-09-15 11:58:20.3503 AllServer 0001 (A0005_PlayerOffline.cs:13) 玩家101599806132下线
2020-09-15 15:49:42.4839 AllServer 0001 (M2G_MatchSucess_Handler.cs:15) 玩家101599806132匹配成功 更新客户端Actor转发向Gamer
2020-09-15 15:49:44.9887 AllServer 0001 (M2G_MatchSucess_Handler.cs:15) 玩家101599806132匹配成功 更新客户端Actor转发向Gamer
2020-09-15 15:49:45.6418 AllServer 0001 (M2G_MatchSucess_Handler.cs:15) 玩家101599806132匹配成功 更新客户端Actor转发向Gamer
2020-09-15 15:49:45.7537 AllServer 0001 (M2G_MatchSucess_Handler.cs:15) 玩家101599806132匹配成功 更新客户端Actor转发向Gamer
2020-09-15 15:49:49.9076 AllServer 0001 (M2G_MatchSucess_Handler.cs:15) 玩家101599806132匹配成功 更新客户端Actor转发向Gamer
2020-09-15 15:50:22.3140 AllServer 0001 (M2G_MatchSucess_Handler.cs:15) 玩家101599806132匹配成功 更新客户端Actor转发向Gamer
2020-09-15 15:50:23.0799 AllServer 0001 (M2G_MatchSucess_Handler.cs:15) 玩家101599806132匹配成功 更新客户端Actor转发向Gamer
2020-09-15 15:50:23.6276 AllServer 0001 (M2G_MatchSucess_Handler.cs:15) 玩家101599806132匹配成功 更新客户端Actor转发向Gamer
2020-09-15 15:50:26.0349 AllServer 0001 (SessionUserComponentSystem.cs:14) 销毁User和Session101599806132
2020-09-15 15:50:26.0349 AllServer 0001 (SessionUserComponentSystem.cs:26) 将玩家101599806132连接断开
2020-09-15 15:50:26.0349 AllServer 0001 (A0005_PlayerOffline.cs:13) 玩家101599806132下线
2020-09-15 15:51:51.7844 AllServer 0001 (M2G_MatchSucess_Handler.cs:15) 玩家101599806132匹配成功 更新客户端Actor转发向Gamer
2020-09-15 15:52:41.3623 AllServer 0001 (SessionUserComponentSystem.cs:14) 销毁User和Session101599806132
2020-09-15 15:52:41.3623 AllServer 0001 (SessionUserComponentSystem.cs:26) 将玩家101599806132连接断开
2020-09-15 15:52:41.3623 AllServer 0001 (A0005_PlayerOffline.cs:13) 玩家101599806132下线
2020-09-15 15:54:38.1590 AllServer 0001 (M2G_MatchSucess_Handler.cs:15) 玩家101599806132匹配成功 更新客户端Actor转发向Gamer
2020-09-15 15:54:45.9128 AllServer 0001 (SessionUserComponentSystem.cs:14) 销毁User和Session101599806132
2020-09-15 15:54:45.9128 AllServer 0001 (SessionUserComponentSystem.cs:26) 将玩家101599806132连接断开
2020-09-15 15:54:45.9233 AllServer 0001 (A0005_PlayerOffline.cs:13) 玩家101599806132下线
2020-09-15 15:54:54.4409 AllServer 0001 (M2G_MatchSucess_Handler.cs:15) 玩家101599806132匹配成功 更新客户端Actor转发向Gamer
2020-09-15 15:55:05.2180 AllServer 0001 (SessionUserComponentSystem.cs:14) 销毁User和Session101599806132
2020-09-15 15:55:05.2222 AllServer 0001 (SessionUserComponentSystem.cs:26) 将玩家101599806132连接断开
2020-09-15 15:55:05.2222 AllServer 0001 (A0005_PlayerOffline.cs:13) 玩家101599806132下线
2020-09-15 15:55:29.9594 AllServer 0001 (SessionUserComponentSystem.cs:14) 销毁User和Session101599806132
2020-09-15 15:55:29.9594 AllServer 0001 (SessionUserComponentSystem.cs:26) 将玩家101599806132连接断开
2020-09-15 15:55:29.9594 AllServer 0001 (A0005_PlayerOffline.cs:13) 玩家101599806132下线
2020-09-15 15:55:57.9023 AllServer 0001 (SessionUserComponentSystem.cs:14) 销毁User和Session101599806132
2020-09-15 15:55:57.9023 AllServer 0001 (SessionUserComponentSystem.cs:26) 将玩家101599806132连接断开
2020-09-15 15:55:57.9143 AllServer 0001 (A0005_PlayerOffline.cs:13) 玩家101599806132下线
2020-09-15 15:56:29.6776 AllServer 0001 (SessionUserComponentSystem.cs:14) 销毁User和Session101599806132
2020-09-15 15:56:29.6776 AllServer 0001 (SessionUserComponentSystem.cs:26) 将玩家101599806132连接断开
2020-09-15 15:56:29.6890 AllServer 0001 (A0005_PlayerOffline.cs:13) 玩家101599806132下线
2020-09-15 16:00:10.3469 AllServer 0001 (Program.cs:36) server start........................ 1 AllServer
2020-09-15 16:00:23.6623 AllServer 0001 (LocationComponent.cs:62) location add key: 281474976710742 instanceId: 281474976710742
2020-09-15 16:00:23.7059 AllServer 0001 (LocationComponent.cs:62) location add key: 281474976710744 instanceId: 281474976710744
2020-09-15 16:00:23.7254 AllServer 0001 (LandMatchComponentSystem.cs:111) 玩家101599806132进入房间
2020-09-15 16:00:23.7582 AllServer 0001 (M2G_T_MatchSucess_Handler.cs:14) 玩家101599806132匹配成功 更新客户端Actor转发向Gamer
2020-09-15 16:01:34.8994 AllServer 0001 (SessionUserComponentSystem.cs:14) 销毁User和Session101599806132
2020-09-15 16:01:34.8994 AllServer 0001 (SessionUserComponentSystem.cs:26) 将玩家101599806132连接断开
2020-09-15 16:01:34.9139 AllServer 0001 (A0005_PlayerOffline.cs:13) 玩家101599806132下线
2020-09-15 16:01:47.9863 AllServer 0001 (M2G_MatchSucess_Handler.cs:15) 玩家101599806132匹配成功 更新客户端Actor转发向Gamer
2020-09-15 16:03:49.4892 AllServer 0001 (SessionUserComponentSystem.cs:14) 销毁User和Session101599806132
2020-09-15 16:03:49.4892 AllServer 0001 (SessionUserComponentSystem.cs:26) 将玩家101599806132连接断开
2020-09-15 16:03:49.5057 AllServer 0001 (A0005_PlayerOffline.cs:13) 玩家101599806132下线
2020-09-15 16:05:10.1009 AllServer 0001 (M2G_MatchSucess_Handler.cs:15) 玩家101599806132匹配成功 更新客户端Actor转发向Gamer
2020-09-15 16:05:12.2840 AllServer 0001 (LocationComponent.cs:62) location add key: 281474976710783 instanceId: 281474976710783
2020-09-15 16:05:12.2982 AllServer 0001 (LandMatchComponentSystem.cs:111) 玩家101599806132进入房间
2020-09-15 16:05:12.3450 AllServer 0001 (M2G_T_MatchSucess_Handler.cs:14) 玩家101599806132匹配成功 更新客户端Actor转发向Gamer
2020-09-15 16:05:47.0089 AllServer 0001 (SessionUserComponentSystem.cs:14) 销毁User和Session101599806132
2020-09-15 16:05:47.0089 AllServer 0001 (SessionUserComponentSystem.cs:26) 将玩家101599806132连接断开
2020-09-15 16:05:47.0190 AllServer 0001 (A0005_PlayerOffline.cs:13) 玩家101599806132下线
2020-09-15 16:08:58.4536 AllServer 0001 (Program.cs:36) server start........................ 1 AllServer
2020-09-15 17:08:49.3536 AllServer 0001 (Program.cs:36) server start........................ 1 AllServer
2020-09-15 17:09:01.1859 AllServer 0001 (SessionUserComponentSystem.cs:14) 销毁User和Session101599806132
2020-09-15 17:09:01.1908 AllServer 0001 (SessionUserComponentSystem.cs:26) 将玩家101599806132连接断开
2020-09-15 17:09:01.1908 AllServer 0001 (A0005_PlayerOffline.cs:13) 玩家101599806132下线
2020-09-15 17:21:17.8782 AllServer 0001 (SessionUserComponentSystem.cs:14) 销毁User和Session101599806132
2020-09-15 17:21:17.8782 AllServer 0001 (SessionUserComponentSystem.cs:26) 将玩家101599806132连接断开
2020-09-15 17:21:17.8961 AllServer 0001 (A0005_PlayerOffline.cs:13) 玩家101599806132下线
2020-09-15 17:26:02.9502 AllServer 0001 (Program.cs:36) server start........................ 1 AllServer
2020-09-15 17:28:20.1185 AllServer 0001 (SessionUserComponentSystem.cs:14) 销毁User和Session101599806132
2020-09-15 17:28:20.1185 AllServer 0001 (SessionUserComponentSystem.cs:26) 将玩家101599806132连接断开
2020-09-15 17:28:20.1331 AllServer 0001 (A0005_PlayerOffline.cs:13) 玩家101599806132下线
2020-09-15 17:32:01.9987 AllServer 0001 (SessionUserComponentSystem.cs:14) 销毁User和Session101599806132
2020-09-15 17:32:02.0011 AllServer 0001 (SessionUserComponentSystem.cs:26) 将玩家101599806132连接断开
2020-09-15 17:32:02.0011 AllServer 0001 (A0005_PlayerOffline.cs:13) 玩家101599806132下线
