2020-09-14 17:14:28.7748 AllServer 0001 (Program.cs:36) server start........................ 1 AllServer
2020-09-14 17:14:51.6507 AllServer 0001 (SessionUserComponentSystem.cs:14) 销毁User和Session101599806132
2020-09-14 17:14:51.6576 AllServer 0001 (SessionUserComponentSystem.cs:26) 将玩家101599806132连接断开
2020-09-14 17:14:51.6576 AllServer 0001 (A0005_PlayerOffline.cs:13) 玩家101599806132下线
2020-09-14 17:16:23.2813 AllServer 0001 (SessionUserComponentSystem.cs:14) 销毁User和Session101599806132
2020-09-14 17:16:23.2859 AllServer 0001 (SessionUserComponentSystem.cs:26) 将玩家101599806132连接断开
2020-09-14 17:16:23.2859 AllServer 0001 (A0005_PlayerOffline.cs:13) 玩家101599806132下线
2020-09-14 17:18:07.1161 AllServer 0001 (SessionUserComponentSystem.cs:14) 销毁User和Session101599806132
2020-09-14 17:18:07.1161 AllServer 0001 (SessionUserComponentSystem.cs:26) 将玩家101599806132连接断开
2020-09-14 17:18:07.1161 AllServer 0001 (A0005_PlayerOffline.cs:13) 玩家101599806132下线
2020-09-14 17:20:54.9649 AllServer 0001 (LocationComponent.cs:62) location add key: 281474976710789 instanceId: 281474976710789
2020-09-14 17:20:54.9909 AllServer 0001 (LocationComponent.cs:62) location add key: 281474976710791 instanceId: 281474976710791
2020-09-14 17:20:55.0031 AllServer 0001 (LandMatchComponentSystem.cs:111) 玩家101599806132进入房间
2020-09-14 17:20:55.0384 AllServer 0001 (M2G_T_MatchSucess_Handler.cs:14) 玩家101599806132匹配成功 更新客户端Actor转发向Gamer
2020-09-14 17:20:59.2792 AllServer 0001 (SessionUserComponentSystem.cs:14) 销毁User和Session101599806132
2020-09-14 17:20:59.2792 AllServer 0001 (SessionUserComponentSystem.cs:26) 将玩家101599806132连接断开
2020-09-14 17:20:59.2861 AllServer 0001 (A0005_PlayerOffline.cs:13) 玩家101599806132下线
2020-09-14 17:22:02.2906 AllServer 0001 (SessionUserComponentSystem.cs:14) 销毁User和Session101599806132
2020-09-14 17:22:02.2906 AllServer 0001 (SessionUserComponentSystem.cs:26) 将玩家101599806132连接断开
2020-09-14 17:22:02.2975 AllServer 0001 (A0005_PlayerOffline.cs:13) 玩家101599806132下线
2020-09-14 17:22:34.9905 AllServer 0001 (M2G_MatchSucess_Handler.cs:15) 玩家101599806132匹配成功 更新客户端Actor转发向Gamer
2020-09-14 17:22:54.4178 AllServer 0001 (SessionUserComponentSystem.cs:14) 销毁User和Session101599806132
2020-09-14 17:22:54.4178 AllServer 0001 (SessionUserComponentSystem.cs:26) 将玩家101599806132连接断开
2020-09-14 17:22:54.4227 AllServer 0001 (A0005_PlayerOffline.cs:13) 玩家101599806132下线
2020-09-14 17:25:33.2652 AllServer 0001 (SessionUserComponentSystem.cs:14) 销毁User和Session101599806132
2020-09-14 17:25:33.2678 AllServer 0001 (SessionUserComponentSystem.cs:26) 将玩家101599806132连接断开
2020-09-14 17:25:33.2678 AllServer 0001 (A0005_PlayerOffline.cs:13) 玩家101599806132下线
2020-09-14 17:29:21.8777 AllServer 0001 (SessionUserComponentSystem.cs:14) 销毁User和Session101599806132
2020-09-14 17:29:21.8777 AllServer 0001 (SessionUserComponentSystem.cs:26) 将玩家101599806132连接断开
2020-09-14 17:29:21.8777 AllServer 0001 (A0005_PlayerOffline.cs:13) 玩家101599806132下线
2020-09-14 17:30:02.4326 AllServer 0001 (SessionUserComponentSystem.cs:14) 销毁User和Session101599806132
2020-09-14 17:30:02.4326 AllServer 0001 (SessionUserComponentSystem.cs:26) 将玩家101599806132连接断开
2020-09-14 17:30:02.4386 AllServer 0001 (A0005_PlayerOffline.cs:13) 玩家101599806132下线
2020-09-14 17:31:51.1779 AllServer 0001 (SessionUserComponentSystem.cs:14) 销毁User和Session101599806132
2020-09-14 17:31:51.1779 AllServer 0001 (SessionUserComponentSystem.cs:26) 将玩家101599806132连接断开
2020-09-14 17:31:51.1903 AllServer 0001 (A0005_PlayerOffline.cs:13) 玩家101599806132下线
2020-09-14 17:34:09.8676 AllServer 0001 (SessionUserComponentSystem.cs:14) 销毁User和Session101599806132
2020-09-14 17:34:09.8676 AllServer 0001 (SessionUserComponentSystem.cs:26) 将玩家101599806132连接断开
2020-09-14 17:34:09.8676 AllServer 0001 (A0005_PlayerOffline.cs:13) 玩家101599806132下线
2020-09-14 17:35:09.6281 AllServer 0001 (SessionUserComponentSystem.cs:14) 销毁User和Session101599806132
2020-09-14 17:35:09.6281 AllServer 0001 (SessionUserComponentSystem.cs:26) 将玩家101599806132连接断开
2020-09-14 17:35:09.6281 AllServer 0001 (A0005_PlayerOffline.cs:13) 玩家101599806132下线
2020-09-14 17:35:48.5365 AllServer 0001 (SessionUserComponentSystem.cs:14) 销毁User和Session101599806132
2020-09-14 17:35:48.5365 AllServer 0001 (SessionUserComponentSystem.cs:26) 将玩家101599806132连接断开
2020-09-14 17:35:48.5365 AllServer 0001 (A0005_PlayerOffline.cs:13) 玩家101599806132下线
2020-09-14 17:36:17.0414 AllServer 0001 (SessionUserComponentSystem.cs:14) 销毁User和Session101599806132
2020-09-14 17:36:17.0414 AllServer 0001 (SessionUserComponentSystem.cs:26) 将玩家101599806132连接断开
2020-09-14 17:36:17.0474 AllServer 0001 (A0005_PlayerOffline.cs:13) 玩家101599806132下线
2020-09-14 17:36:43.4608 AllServer 0001 (SessionUserComponentSystem.cs:14) 销毁User和Session101599806132
2020-09-14 17:36:43.4608 AllServer 0001 (SessionUserComponentSystem.cs:26) 将玩家101599806132连接断开
2020-09-14 17:36:43.4608 AllServer 0001 (A0005_PlayerOffline.cs:13) 玩家101599806132下线
2020-09-14 17:37:42.3915 AllServer 0001 (SessionUserComponentSystem.cs:14) 销毁User和Session101599806132
2020-09-14 17:37:42.3915 AllServer 0001 (SessionUserComponentSystem.cs:26) 将玩家101599806132连接断开
2020-09-14 17:37:42.3915 AllServer 0001 (A0005_PlayerOffline.cs:13) 玩家101599806132下线
2020-09-14 17:39:10.9928 AllServer 0001 (SessionUserComponentSystem.cs:14) 销毁User和Session101599806132
2020-09-14 17:39:10.9928 AllServer 0001 (SessionUserComponentSystem.cs:26) 将玩家101599806132连接断开
2020-09-14 17:39:11.0015 AllServer 0001 (A0005_PlayerOffline.cs:13) 玩家101599806132下线
2020-09-14 17:40:18.4725 AllServer 0001 (SessionUserComponentSystem.cs:14) 销毁User和Session101599806132
2020-09-14 17:40:18.4725 AllServer 0001 (SessionUserComponentSystem.cs:26) 将玩家101599806132连接断开
2020-09-14 17:40:18.4725 AllServer 0001 (A0005_PlayerOffline.cs:13) 玩家101599806132下线
2020-09-14 17:42:35.5111 AllServer 0001 (SessionUserComponentSystem.cs:14) 销毁User和Session101599806132
2020-09-14 17:42:35.5111 AllServer 0001 (SessionUserComponentSystem.cs:26) 将玩家101599806132连接断开
2020-09-14 17:42:35.5161 AllServer 0001 (A0005_PlayerOffline.cs:13) 玩家101599806132下线
2020-09-14 17:45:01.3632 AllServer 0001 (SessionUserComponentSystem.cs:14) 销毁User和Session101599806132
2020-09-14 17:45:01.3632 AllServer 0001 (SessionUserComponentSystem.cs:26) 将玩家101599806132连接断开
2020-09-14 17:45:01.3632 AllServer 0001 (A0005_PlayerOffline.cs:13) 玩家101599806132下线
2020-09-14 17:51:27.2923 AllServer 0001 (SessionUserComponentSystem.cs:14) 销毁User和Session101599806132
2020-09-14 17:51:27.2923 AllServer 0001 (SessionUserComponentSystem.cs:26) 将玩家101599806132连接断开
2020-09-14 17:51:27.2984 AllServer 0001 (A0005_PlayerOffline.cs:13) 玩家101599806132下线
2020-09-14 17:51:53.2287 AllServer 0001 (SessionUserComponentSystem.cs:14) 销毁User和Session101599806132
2020-09-14 17:51:53.2287 AllServer 0001 (SessionUserComponentSystem.cs:26) 将玩家101599806132连接断开
2020-09-14 17:51:53.2358 AllServer 0001 (A0005_PlayerOffline.cs:13) 玩家101599806132下线
2020-09-14 17:56:47.4801 AllServer 0001 (SessionUserComponentSystem.cs:14) 销毁User和Session101599806132
2020-09-14 17:56:47.4801 AllServer 0001 (SessionUserComponentSystem.cs:26) 将玩家101599806132连接断开
2020-09-14 17:56:47.4861 AllServer 0001 (A0005_PlayerOffline.cs:13) 玩家101599806132下线
2020-09-14 18:08:36.8672 AllServer 0001 (SessionUserComponentSystem.cs:14) 销毁User和Session101599806132
2020-09-14 18:08:36.8672 AllServer 0001 (SessionUserComponentSystem.cs:26) 将玩家101599806132连接断开
2020-09-14 18:08:36.8762 AllServer 0001 (A0005_PlayerOffline.cs:13) 玩家101599806132下线
