2020-07-28 16:58:19.6972 AllServer 0001 System.Exception: AddComponent, component already exist, id: 1, component: DBComponent
   at ETModel.Entity.AddComponent[K]() in D:\unity3dwork\ACYQP\Landlords_Server01\Server\ET.Core\Base\Object\Entity.cs:line 98
   at App.Program.Main(String[] args) in D:\unity3dwork\ACYQP\Landlords_Server01\Server\App\Program.cs:line 85 
 Main at offset 3593 in file:line:column D:\unity3dwork\ACYQP\Landlords_Server01\Server\App\Program.cs:85:5
Error at offset 112 in file:line:column D:\unity3dwork\ACYQP\Landlords_Server01\Server\ET.Core\Base\Log.cs:32:4
Error at offset 58 in file:line:column D:\unity3dwork\ACYQP\Landlords_Server01\Server\ET.Core\Base\Logger\NLogAdapter.cs:32:4

2020-07-28 16:58:40.7082 AllServer 0001 System.Exception: AddComponent, component already exist, id: 1, component: DBComponent
   at ETModel.Entity.AddComponent[K]() in D:\unity3dwork\ACYQP\Landlords_Server01\Server\ET.Core\Base\Object\Entity.cs:line 98
   at App.Program.Main(String[] args) in D:\unity3dwork\ACYQP\Landlords_Server01\Server\App\Program.cs:line 85 
 Main at offset 3593 in file:line:column D:\unity3dwork\ACYQP\Landlords_Server01\Server\App\Program.cs:85:5
Error at offset 112 in file:line:column D:\unity3dwork\ACYQP\Landlords_Server01\Server\ET.Core\Base\Log.cs:32:4
Error at offset 58 in file:line:column D:\unity3dwork\ACYQP\Landlords_Server01\Server\ET.Core\Base\Logger\NLogAdapter.cs:32:4

2020-07-28 17:00:16.5575 AllServer 0001 System.Exception: AddComponent, component already exist, id: 1, component: DBComponent
   at ETModel.Entity.AddComponent[K]() in D:\unity3dwork\ACYQP\Landlords_Server01\Server\ET.Core\Base\Object\Entity.cs:line 98
   at App.Program.Main(String[] args) in D:\unity3dwork\ACYQP\Landlords_Server01\Server\App\Program.cs:line 85 
 Main at offset 3593 in file:line:column D:\unity3dwork\ACYQP\Landlords_Server01\Server\App\Program.cs:85:5
Error at offset 112 in file:line:column D:\unity3dwork\ACYQP\Landlords_Server01\Server\ET.Core\Base\Log.cs:32:4
Error at offset 58 in file:line:column D:\unity3dwork\ACYQP\Landlords_Server01\Server\ET.Core\Base\Logger\NLogAdapter.cs:32:4

2020-07-28 17:58:18.2535 AllServer 0001 消息没有处理: 10005 { "_t" : "A0002_Login_C2R", "RpcId" : 2, "Account" : "45", "Password" : "45" } 
 OnRead at offset 76 in file:line:column D:\unity3dwork\ACYQP\Landlords_Server01\Server\ET.Core\Module\Message\Session.cs:120:5
Run at offset 497 in file:line:column D:\unity3dwork\ACYQP\Landlords_Server01\Server\ET.Core\Module\Message\Session.cs:154:4
RunMessage at offset 157 in file:line:column D:\unity3dwork\ACYQP\Landlords_Server01\Server\ET.Core\Module\Message\Session.cs:160:4
Dispatch at offset 91 in file:line:column D:\unity3dwork\ACYQP\Landlords_Server01\Server\Hotfix\Module\Message\OuterMessageDispatcher.cs:9:4
DispatchAsync at offset 265 in file:line:column <filename unknown>:0:0
Start<TStateMachine> at offset 80 in file:line:column D:\unity3dwork\ACYQP\Landlords_Server01\Server\ET.Core\Base\Async\AsyncETVoidMethodBuilder.cs:74:13
MoveNext at offset 2384 in file:line:column D:\unity3dwork\ACYQP\Landlords_Server01\Server\Hotfix\Module\Message\OuterMessageDispatcher.cs:82:7
Handle at offset 312 in file:line:column D:\unity3dwork\ACYQP\Landlords_Server01\Server\Hotfix\Module\Message\MessageDispatherComponentSystem.cs:84:5
Error at offset 82 in file:line:column D:\unity3dwork\ACYQP\Landlords_Server01\Server\ET.Core\Base\Log.cs:37:4
Error at offset 64 in file:line:column D:\unity3dwork\ACYQP\Landlords_Server01\Server\ET.Core\Base\Logger\NLogAdapter.cs:32:4

2020-07-28 18:05:41.0509 AllServer 0001 消息没有处理: 10005 { "_t" : "A0002_Login_C2R", "RpcId" : 2, "Account" : "45", "Password" : "45" } 
 OnRead at offset 76 in file:line:column D:\unity3dwork\ACYQP\Landlords_Server01\Server\ET.Core\Module\Message\Session.cs:120:5
Run at offset 497 in file:line:column D:\unity3dwork\ACYQP\Landlords_Server01\Server\ET.Core\Module\Message\Session.cs:154:4
RunMessage at offset 157 in file:line:column D:\unity3dwork\ACYQP\Landlords_Server01\Server\ET.Core\Module\Message\Session.cs:160:4
Dispatch at offset 91 in file:line:column D:\unity3dwork\ACYQP\Landlords_Server01\Server\Hotfix\Module\Message\OuterMessageDispatcher.cs:9:4
DispatchAsync at offset 265 in file:line:column <filename unknown>:0:0
Start<TStateMachine> at offset 80 in file:line:column D:\unity3dwork\ACYQP\Landlords_Server01\Server\ET.Core\Base\Async\AsyncETVoidMethodBuilder.cs:74:13
MoveNext at offset 2384 in file:line:column D:\unity3dwork\ACYQP\Landlords_Server01\Server\Hotfix\Module\Message\OuterMessageDispatcher.cs:82:7
Handle at offset 312 in file:line:column D:\unity3dwork\ACYQP\Landlords_Server01\Server\Hotfix\Module\Message\MessageDispatherComponentSystem.cs:84:5
Error at offset 82 in file:line:column D:\unity3dwork\ACYQP\Landlords_Server01\Server\ET.Core\Base\Log.cs:37:4
Error at offset 64 in file:line:column D:\unity3dwork\ACYQP\Landlords_Server01\Server\ET.Core\Base\Logger\NLogAdapter.cs:32:4

