2020-08-03 15:03:11.3859 AllServer 0001 System.ArgumentException: An item with the same key has already been added. Key: 101596176692
   at System.Collections.Generic.Dictionary`2.TryInsert(TKey key, TValue value, InsertionBehavior behavior)
   at System.Collections.Generic.Dictionary`2.Add(TKey key, TValue value)
   at ETHotfix.RoomSystem.GameStart(Room self) in D:\unity3dwork\ACYQP\Landlords_Server01\Server\Hotfix\Landlords\System\RoomSystem.cs:line 46
   at ETHotfix.RoomSystem.CheckGameStart(Room self) in D:\unity3dwork\ACYQP\Landlords_Server01\Server\Hotfix\Landlords\System\RoomSystem.cs:line 27
   at ETHotfix.GamerReady_Landlords_Handler.Run(Gamer gamer, Actor_GamerReady_Landlords message) in D:\unity3dwork\ACYQP\Landlords_Server01\Server\Hotfix\Landlords\Handler\Map\GamerReady_Landlords_Handler.cs:line 28
   at ETModel.ETTaskCompletionSource.ETModel.IAwaiter.GetResult() in D:\unity3dwork\ACYQP\Landlords_Server01\Server\ET.Core\Base\Async\ETTaskCompletionSource.cs:line 32
   at ETModel.ETTask.GetResult() in D:\unity3dwork\ACYQP\Landlords_Server01\Server\ET.Core\Base\Async\ETTask.cs:line 33
   at ETModel.ETTask.Awaiter.GetResult() in D:\unity3dwork\ACYQP\Landlords_Server01\Server\ET.Core\Base\Async\ETTask.cs:line 98
   at ETModel.AMActorHandler`2.Handle(Session session, Entity entity, Object actorMessage) in D:\unity3dwork\ACYQP\Landlords_Server01\Server\ET.Core\Module\Actor\AMActorHandler.cs:line 26 
 Start<TStateMachine> at offset 80 in file:line:column D:\unity3dwork\ACYQP\Landlords_Server01\Server\ET.Core\Base\Async\AsyncETTaskMethodBuilder.cs:126:13
MoveNext at offset 340 in file:line:column D:\unity3dwork\ACYQP\Landlords_Server01\Server\Hotfix\Module\Actor\MailboxMessageDispatcherHandler.cs:16:5
Handle at offset 254 in file:line:column <filename unknown>:0:0
Start<TStateMachine> at offset 80 in file:line:column D:\unity3dwork\ACYQP\Landlords_Server01\Server\ET.Core\Base\Async\AsyncETTaskMethodBuilder.cs:126:13
MoveNext at offset 374 in file:line:column D:\unity3dwork\ACYQP\Landlords_Server01\Server\Hotfix\Module\Actor\ActorMessageDispatcherComponentSystem.cs:82:4
Handle at offset 408 in file:line:column <filename unknown>:0:0
Start<TStateMachine> at offset 80 in file:line:column D:\unity3dwork\ACYQP\Landlords_Server01\Server\ET.Core\Base\Async\AsyncETTaskMethodBuilder.cs:126:13
MoveNext at offset 1507 in file:line:column D:\unity3dwork\ACYQP\Landlords_Server01\Server\ET.Core\Module\Actor\AMActorHandler.cs:26:5
Error at offset 124 in file:line:column D:\unity3dwork\ACYQP\Landlords_Server01\Server\ET.Core\Base\Log.cs:32:4
Error at offset 64 in file:line:column D:\unity3dwork\ACYQP\Landlords_Server01\Server\ET.Core\Base\Logger\NLogAdapter.cs:32:4

2020-08-03 15:10:35.4877 AllServer 0001 System.ArgumentException: An item with the same key has already been added. Key: 101596176704
   at System.Collections.Generic.Dictionary`2.TryInsert(TKey key, TValue value, InsertionBehavior behavior)
   at System.Collections.Generic.Dictionary`2.Add(TKey key, TValue value)
   at ETHotfix.RoomSystem.GameStart(Room self) in D:\unity3dwork\ACYQP\Landlords_Server01\Server\Hotfix\Landlords\System\RoomSystem.cs:line 46
   at ETHotfix.RoomSystem.CheckGameStart(Room self) in D:\unity3dwork\ACYQP\Landlords_Server01\Server\Hotfix\Landlords\System\RoomSystem.cs:line 27
   at ETHotfix.GamerReady_Landlords_Handler.Run(Gamer gamer, Actor_GamerReady_Landlords message) in D:\unity3dwork\ACYQP\Landlords_Server01\Server\Hotfix\Landlords\Handler\Map\GamerReady_Landlords_Handler.cs:line 28
   at ETModel.ETTaskCompletionSource.ETModel.IAwaiter.GetResult() in D:\unity3dwork\ACYQP\Landlords_Server01\Server\ET.Core\Base\Async\ETTaskCompletionSource.cs:line 32
   at ETModel.ETTask.GetResult() in D:\unity3dwork\ACYQP\Landlords_Server01\Server\ET.Core\Base\Async\ETTask.cs:line 33
   at ETModel.ETTask.Awaiter.GetResult() in D:\unity3dwork\ACYQP\Landlords_Server01\Server\ET.Core\Base\Async\ETTask.cs:line 98
   at ETModel.AMActorHandler`2.Handle(Session session, Entity entity, Object actorMessage) in D:\unity3dwork\ACYQP\Landlords_Server01\Server\ET.Core\Module\Actor\AMActorHandler.cs:line 26 
 Start<TStateMachine> at offset 80 in file:line:column D:\unity3dwork\ACYQP\Landlords_Server01\Server\ET.Core\Base\Async\AsyncETTaskMethodBuilder.cs:126:13
MoveNext at offset 340 in file:line:column D:\unity3dwork\ACYQP\Landlords_Server01\Server\Hotfix\Module\Actor\MailboxMessageDispatcherHandler.cs:16:5
Handle at offset 254 in file:line:column <filename unknown>:0:0
Start<TStateMachine> at offset 80 in file:line:column D:\unity3dwork\ACYQP\Landlords_Server01\Server\ET.Core\Base\Async\AsyncETTaskMethodBuilder.cs:126:13
MoveNext at offset 374 in file:line:column D:\unity3dwork\ACYQP\Landlords_Server01\Server\Hotfix\Module\Actor\ActorMessageDispatcherComponentSystem.cs:82:4
Handle at offset 408 in file:line:column <filename unknown>:0:0
Start<TStateMachine> at offset 80 in file:line:column D:\unity3dwork\ACYQP\Landlords_Server01\Server\ET.Core\Base\Async\AsyncETTaskMethodBuilder.cs:126:13
MoveNext at offset 1507 in file:line:column D:\unity3dwork\ACYQP\Landlords_Server01\Server\ET.Core\Module\Actor\AMActorHandler.cs:26:5
Error at offset 124 in file:line:column D:\unity3dwork\ACYQP\Landlords_Server01\Server\ET.Core\Base\Log.cs:32:4
Error at offset 64 in file:line:column D:\unity3dwork\ACYQP\Landlords_Server01\Server\ET.Core\Base\Logger\NLogAdapter.cs:32:4

